     [java]  23:42:59 epoch=  972 lr=0.000459394 ll= -9211.8055 lp=-2134216.0696 llp=-2143427.8751 llp*=-2143427.8751
     [java]  23:44:17 epoch=  973 lr=0.000457097 ll= -9179.7319 lp=-2134205.2821 llp=-2143385.0140 llp*=-2143385.0140
     [java]  23:45:35 epoch=  974 lr=0.000454812 ll= -9149.5367 lp=-2134194.5507 llp=-2143344.0874 llp*=-2143344.0874
     [java]  23:46:54 epoch=  975 lr=0.000452538 ll= -9122.1936 lp=-2134183.8750 llp=-2143306.0686 llp*=-2143306.0686
     [java]  23:48:10 epoch=  976 lr=0.000450275 ll= -9097.3824 lp=-2134173.2549 llp=-2143270.6373 llp*=-2143270.6373
     [java]  23:49:26 epoch=  977 lr=0.000448024 ll= -9073.7017 lp=-2134162.6901 llp=-2143236.3918 llp*=-2143236.3918
     [java]  23:50:41 epoch=  978 lr=0.000445784 ll= -9049.8963 lp=-2134152.1803 llp=-2143202.0766 llp*=-2143202.0766
     [java]  23:51:57 epoch=  979 lr=0.000443555 ll= -9025.3960 lp=-2134141.7253 llp=-2143167.1213 llp*=-2143167.1213
     [java]  23:53:13 epoch=  980 lr=0.000441337 ll= -9000.0680 lp=-2134131.3250 llp=-2143131.3931 llp*=-2143131.3931
     [java]  23:54:29 epoch=  981 lr=0.000439130 ll= -8973.6284 lp=-2134120.9792 llp=-2143094.6076 llp*=-2143094.6076
     [java]  23:55:45 epoch=  982 lr=0.000436935 ll= -8944.9965 lp=-2134110.6875 llp=-2143055.6840 llp*=-2143055.6840
     [java]  23:57:01 epoch=  983 lr=0.000434750 ll= -8913.1548 lp=-2134100.4490 llp=-2143013.6038 llp*=-2143013.6038
     [java]  23:58:17 epoch=  984 lr=0.000432576 ll= -8880.5128 lp=-2134090.2627 llp=-2142970.7756 llp*=-2142970.7756
     [java]  23:59:33 epoch=  985 lr=0.000430413 ll= -8849.5622 lp=-2134080.1285 llp=-2142929.6907 llp*=-2142929.6907
     [java]  24:00:49 epoch=  986 lr=0.000428261 ll= -8819.3708 lp=-2134070.0466 llp=-2142889.4174 llp*=-2142889.4174
     [java]  24:02:05 epoch=  987 lr=0.000426120 ll= -8789.4007 lp=-2134060.0169 llp=-2142849.4176 llp*=-2142849.4176
     [java]  24:02:05 Converged with rollingAverageRelativeDiff=9.935168785612716E-6
     [java]  24:02:05 Feat Extraction Time=9:14:43
     [java]  24:02:05 Forward Backward Time=54:52
     [java]  24:02:05 Update Time=32:04
     [java]  24:02:05 Prior Update Time=3:15:45
     [java]  24:02:05 Loss Time=10:04:04
     [java]
     [java] Compiling to file=simplePos.ChainCrf
     [java]
     [java] Compiling to file=GeneBOITagger.model
